libfontconfig.so.1: cannot open shared object file: No such file or directory
WorkerThreadPool: 4 threads, 3 max low-priority.
Godot Engine v4.6.stable.official.89cea1439 - https://godotengine.org
TextServer: Added interface "Dummy"
TextServer: Added interface "ICU / HarfBuzz / Graphite (Built-in)"
Unrecognized output string "misc2" in mapping:
030000000d0f0000ab01000011010000,Horipad Steam,a:b0,b:b1,back:b10,dpdown:h0.4,dpleft:h0.8,dpright:h0.2,dpup:h0.1,guide:b12,leftshoulder:b6,leftstick:b13,lefttrigger:a5,leftx:a0,lefty:a1,misc2:b2,paddle1:b19,paddle2:b18,paddle3:b15,paddle4:b5,rightshoulder:b7,rightstick:b14,righttrigger:a4,rightx:a2,righty:a3,start:b11,x:b3,y:b4,platform:Linux,
Unrecognized output string "misc2" in mapping:
050000000d0f00009601000091000000,Horipad Steam,a:b0,b:b1,back:b10,dpdown:h0.4,dpleft:h0.8,dpright:h0.2,dpup:h0.1,guide:b12,leftshoulder:b6,leftstick:b13,lefttrigger:a5,leftx:a0,lefty:a1,misc2:b2,paddle1:b19,paddle2:b18,paddle3:b15,paddle4:b5,rightshoulder:b7,rightstick:b14,righttrigger:a4,rightx:a2,righty:a3,start:b11,x:b3,y:b4,platform:Linux,
Unrecognized output string "misc2" in mapping:
030000007e0500006920000011010000,Nintendo Switch 2 Pro Controller,a:b0,b:b1,back:b14,dpdown:b8,dpleft:b10,dpright:b9,dpup:b11,guide:b16,leftshoulder:b12,leftstick:b15,lefttrigger:b13,leftx:a0,lefty:a1~,misc1:b17,misc2:b20,paddle1:b18,paddle2:b19,rightshoulder:b4,rightstick:b7,righttrigger:b5,rightx:a2,righty:a3~,start:b6,x:b2,y:b3,platform:Linux,
SDL: Init OK!
Using "default" pen tablet driver...

TextServer: Primary interface set to: "ICU / HarfBuzz / Graphite (Built-in)".
CORE API HASH: 3663110324
EDITOR API HASH: 835956462
SceneTreeFTI: traversal method DEFAULT
Loading resource: /github/home/.config/godot/editor_settings-4.6.tres
EditorSettings: Load OK!
EditorTheme: Generating new theme for the config '3810048042'.
EditorTheme: Generating new icons.
EditorTheme: Generating new fonts.
ERROR: Unable to load fontconfig, system font support is disabled.
   at: get_system_font_path (platform/linuxbsd/os_linuxbsd.cpp:839)
ERROR: Unable to load fontconfig, system font support is disabled.
   at: get_system_font_path (platform/linuxbsd/os_linuxbsd.cpp:839)
ERROR: Unable to load fontconfig, system font support is disabled.
   at: get_system_font_path (platform/linuxbsd/os_linuxbsd.cpp:839)
ERROR: Unable to load fontconfig, system font support is disabled.
   at: get_system_font_path (platform/linuxbsd/os_linuxbsd.cpp:839)
ERROR: Unable to load fontconfig, system font support is disabled.
   at: get_system_font_path (platform/linuxbsd/os_linuxbsd.cpp:839)
ERROR: Unable to load fontconfig, system font support is disabled.
   at: get_system_font_path (platform/linuxbsd/os_linuxbsd.cpp:839)
ERROR: Unable to load fontconfig, system font support is disabled.
   at: get_system_font_path (platform/linuxbsd/os_linuxbsd.cpp:839)
ERROR: Unable to load fontconfig, system font support is disabled.
   at: get_system_font_path (platform/linuxbsd/os_linuxbsd.cpp:839)
ERROR: Unable to load fontconfig, system font support is disabled.
   at: get_system_font_path (platform/linuxbsd/os_linuxbsd.cpp:839)
ERROR: Unable to load fontconfig, system font support is disabled.
   at: get_system_font_path (platform/linuxbsd/os_linuxbsd.cpp:839)
EditorTheme: Generating new styles.
Loading resource: /github/home/.cache/godot/editor_doc_cache-4.6.res
Loaded system CA certificates
Could not find version of build tools that matches Target SDK, using 33.0.2
[   0% ] [90m[1mfirst_scan_filesystem[22m | Started Project initialization (5 steps)[39m[0m
[   0% ] [90m[1mfirst_scan_filesystem[22m | Scanning file structure...[39m[0m
[  16% ] [90m[1mfirst_scan_filesystem[22m | Loading global class names...[39m[0m
[  33% ] [90m[1mfirst_scan_filesystem[22m | Verifying GDExtensions...[39m[0m
[  50% ] [90m[1mfirst_scan_filesystem[22m | Creating autoload scripts...[39m[0m
[  66% ] [90m[1mfirst_scan_filesystem[22m | Initializing plugins...[39m[0m
[  83% ] [90m[1mfirst_scan_filesystem[22m | Starting file scan...[39m[0m
[92m[ DONE ][39m [1mfirst_scan_filesystem[22m
[0m
WARNING: UID duplicate detected between res://assets/art/cards/anu_baozhagu.png and res://assets/art/cards/anu_baizu.png.
     at: _process_file_system (editor/file_system/editor_file_system.cpp:1377)
WARNING: UID duplicate detected between res://assets/art/cards/anu_duzhen.png and res://assets/art/cards/anu_baozhagu.png.
     at: _process_file_system (editor/file_system/editor_file_system.cpp:1377)
WARNING: UID duplicate detected between res://assets/art/cards/anu_gushen.png and res://assets/art/cards/anu_duzhen.png.
     at: _process_file_system (editor/file_system/editor_file_system.cpp:1377)
WARNING: UID duplicate detected between res://assets/art/cards/anu_guwang.png and res://assets/art/cards/anu_gushen.png.
     at: _process_file_system (editor/file_system/editor_file_system.cpp:1377)
WARNING: UID duplicate detected between res://assets/art/cards/anu_sanmao.png and res://assets/art/cards/anu_guwang.png.
     at: _process_file_system (editor/file_system/editor_file_system.cpp:1377)
WARNING: UID duplicate detected between res://assets/art/cards/lxy_jianzhen.png and res://assets/art/cards/anu_sanmao.png.
     at: _process_file_system (editor/file_system/editor_file_system.cpp:1377)
WARNING: UID duplicate detected between res://assets/art/cards/lxy_jiulong.png and res://assets/art/cards/lxy_jianzhen.png.
     at: _process_file_system (editor/file_system/editor_file_system.cpp:1377)
WARNING: UID duplicate detected between res://assets/art/cards/lxy_liepo.png and res://assets/art/cards/lxy_jiulong.png.
     at: _process_file_system (editor/file_system/editor_file_system.cpp:1377)
WARNING: UID duplicate detected between res://assets/art/cards/lxy_qingfeng.png and res://assets/art/cards/lxy_liepo.png.
     at: _process_file_system (editor/file_system/editor_file_system.cpp:1377)
WARNING: UID duplicate detected between res://assets/art/cards/lxy_zuilong.png and res://assets/art/cards/lxy_qingfeng.png.
     at: _process_file_system (editor/file_system/editor_file_system.cpp:1377)
WARNING: UID duplicate detected between res://assets/art/cards/lyr_kuaijian.png and res://assets/art/cards/lxy_zuilong.png.
     at: _process_file_system (editor/file_system/editor_file_system.cpp:1377)
WARNING: UID duplicate detected between res://assets/art/cards/lyr_poqian.png and res://assets/art/cards/lyr_kuaijian.png.
     at: _process_file_system (editor/file_system/editor_file_system.cpp:1377)
WARNING: UID duplicate detected between res://assets/art/cards/lyr_tianv.png and res://assets/art/cards/lyr_poqian.png.
     at: _process_file_system (editor/file_system/editor_file_system.cpp:1377)
WARNING: UID duplicate detected between res://assets/art/cards/lyr_tieyi.png and res://assets/art/cards/lyr_tianv.png.
     at: _process_file_system (editor/file_system/editor_file_system.cpp:1377)
WARNING: UID duplicate detected between res://assets/art/cards/lyr_xuanjian.png and res://assets/art/cards/lyr_tieyi.png.
     at: _process_file_system (editor/file_system/editor_file_system.cpp:1377)
WARNING: UID duplicate detected between res://assets/art/cards/zl_huihun.png and res://assets/art/cards/lyr_xuanjian.png.
     at: _process_file_system (editor/file_system/editor_file_system.cpp:1377)
WARNING: UID duplicate detected between res://assets/art/cards/zl_leiguang.png and res://assets/art/cards/zl_huihun.png.
     at: _process_file_system (editor/file_system/editor_file_system.cpp:1377)
WARNING: UID duplicate detected between res://assets/art/cards/zl_lingxi.png and res://assets/art/cards/zl_leiguang.png.
     at: _process_file_system (editor/file_system/editor_file_system.cpp:1377)
WARNING: UID duplicate detected between res://assets/art/cards/zl_shenlei.png and res://assets/art/cards/zl_lingxi.png.
     at: _process_file_system (editor/file_system/editor_file_system.cpp:1377)
WARNING: UID duplicate detected between res://assets/art/cards/zl_shuiling.png and res://assets/art/cards/zl_shenlei.png.
     at: _process_file_system (editor/file_system/editor_file_system.cpp:1377)
[   0% ] [90m[1m_update_scan_actions[22m | Started Scanning actions... (16 steps)[39m[0m
[   0% ] [90m[1m_update_scan_actions[22m | duo_bao_ge.png[39m[0m
[   5% ] [90m[1m_update_scan_actions[22m | fan_hun_zhou.png[39m[0m
[  11% ] [90m[1m_update_scan_actions[22m | gui_jia_fu.png[39m[0m
[  17% ] [90m[1m_update_scan_actions[22m | hu_fa_zhou.png[39m[0m
[  23% ] [90m[1m_update_scan_actions[22m | long_lin_jia.png[39m[0m
[  29% ] [90m[1m_update_scan_actions[22m | nu_huo_ling.png[39m[0m
[  35% ] [90m[1m_update_scan_actions[22m | nu_mu_zhu.png[39m[0m
[  41% ] [90m[1m_update_scan_actions[22m | suo_hun_huan.png[39m[0m
[  47% ] [90m[1m_update_scan_actions[22m | tai_ji_zhu.png[39m[0m
[  52% ] [90m[1m_update_scan_actions[22m | tie_gu_dan.png[39m[0m
[  58% ] [90m[1m_update_scan_actions[22m | tie_xue_ling.png[39m[0m
[  64% ] [90m[1m_update_scan_actions[22m | wu_cai_shi.png[39m[0m
[  70% ] [90m[1m_update_scan_actions[22m | yao_qian_shu.png[39m[0m
[  76% ] [90m[1m_update_scan_actions[22m | yin_hun_die.png[39m[0m
[  82% ] [90m[1m_update_scan_actions[22m | zhen_hun_yu.png[39m[0m
[  88% ] [90m[1m_update_scan_actions[22m | zui_xian_hu.png[39m[0m
[92m[ DONE ][39m [1m_update_scan_actions[22m
[0m
[   0% ] [90m[1msavepack[22m | Started Packing (102 steps)[39m[0m
[   1% ] [90m[1msavepack[22m | Storing File: res://.godot/imported/anu_attack.png-575c46323b4656d0a4df78b49b39694e.ctex[39m[0m
[   1% ] [90m[1msavepack[22m | Storing File: res://assets/art/battle_characters/anu_attack.png.import[39m[0m
[   1% ] [90m[1msavepack[22m | Storing File: res://.godot/imported/anu_block.png-4a7d9b844c61aa17f0fa14e37c0b77b3.ctex[39m[0m
[   1% ] [90m[1msavepack[22m | Storing File: res://assets/art/battle_characters/anu_block.png.import[39m[0m
[   1% ] [90m[1msavepack[22m | Storing File: res://.godot/imported/anu_cast.png-a057be57ab461f5071c17bc363f03c88.ctex[39m[0m
[   1% ] [90m[1msavepack[22m | Storing File: res://assets/art/battle_characters/anu_cast.png.import[39m[0m
[   2% ] [90m[1msavepack[22m | Storing File: res://.godot/imported/anu_downed.png-19f2297b53640a548ccb5d259491687a.ctex[39m[0m
[   2% ] [90m[1msavepack[22m | Storing File: res://assets/art/battle_characters/anu_downed.png.import[39m[0m
[   2% ] [90m[1msavepack[22m | Storing File: res://.godot/imported/anu_idle.png-670d2f151aeef9ab526135de26951f44.ctex[39m[0m
[   2% ] [90m[1msavepack[22m | Storing File: res://assets/art/battle_characters/anu_idle.png.import[39m[0m
[   2% ] [90m[1msavepack[22m | Storing File: res://.godot/imported/anu_low_hp.png-b3dbda30b9c61a39b04b8a9db86f444e.ctex[39m[0m
[   2% ] [90m[1msavepack[22m | Storing File: res://assets/art/battle_characters/anu_low_hp.png.import[39m[0m
[   3% ] [90m[1msavepack[22m | Storing File: res://.godot/imported/lin_yueru_attack.png-36e7b5a49733a020b11d2115b5dd7055.ctex[39m[0m
[   3% ] [90m[1msavepack[22m | Storing File: res://assets/art/battle_characters/lin_yueru_attack.png.import[39m[0m
[   3% ] [90m[1msavepack[22m | Storing File: res://.godot/imported/lin_yueru_block.png-52584d7392c31604e5547148fd3b51e9.ctex[39m[0m
[   3% ] [90m[1msavepack[22m | Storing File: res://assets/art/battle_characters/lin_yueru_block.png.import[39m[0m
[   3% ] [90m[1msavepack[22m | Storing File: res://.godot/imported/lin_yueru_cast.png-a75707f9692dd4ae828bbf31ec62325b.ctex[39m[0m
[   3% ] [90m[1msavepack[22m | Storing File: res://assets/art/battle_characters/lin_yueru_cast.png.import[39m[0m
[   4% ] [90m[1msavepack[22m | Storing File: res://.godot/imported/lin_yueru_downed.png-6b7fb640ad686903367d5ee18de56497.ctex[39m[0m
[   4% ] [90m[1msavepack[22m | Storing File: res://assets/art/battle_characters/lin_yueru_downed.png.import[39m[0m
[   4% ] [90m[1msavepack[22m | Storing File: res://.godot/imported/lin_yueru_idle.png-5b38249f4b5d2633df4de2b8b1453846.ctex[39m[0m
[   4% ] [90m[1msavepack[22m | Storing File: res://assets/art/battle_characters/lin_yueru_idle.png.import[39m[0m
[   4% ] [90m[1msavepack[22m | Storing File: res://.godot/imported/lin_yueru_low_hp.png-c5cb1239f996bf4a6a8a6d7c732c1897.ctex[39m[0m
[   4% ] [90m[1msavepack[22m | Storing File: res://assets/art/battle_characters/lin_yueru_low_hp.png.import[39m[0m
[   5% ] [90m[1msavepack[22m | Storing File: res://.godot/imported/li_xiaoyao_attack.png-414655c6ab71cfbcd060a0e1e3c238e5.ctex[39m[0m
[   5% ] [90m[1msavepack[22m | Storing File: res://assets/art/battle_characters/li_xiaoyao_attack.png.import[39m[0m
[   5% ] [90m[1msavepack[22m | Storing File: res://.godot/imported/li_xiaoyao_block.png-773bdaf0089c9d03d3a5869cbb1f7270.ctex[39m[0m
[   5% ] [90m[1msavepack[22m | Storing File: res://assets/art/battle_characters/li_xiaoyao_block.png.import[39m[0m
[   6% ] [90m[1msavepack[22m | Storing File: res://.godot/imported/li_xiaoyao_cast.png-f0baa736db9caac9fc69f7603fdd332f.ctex[39m[0m
[   6% ] [90m[1msavepack[22m | Storing File: res://assets/art/battle_characters/li_xiaoyao_cast.png.import[39m[0m
[   6% ] [90m[1msavepack[22m | Storing File: res://.godot/imported/li_xiaoyao_downed.png-47b4ed9ea7a715749c0800c082ca55fe.ctex[39m[0m
[   6% ] [90m[1msavepack[22m | Storing File: res://assets/art/battle_characters/li_xiaoyao_downed.png.import[39m[0m
[   6% ] [90m[1msavepack[22m | Storing File: res://.godot/imported/li_xiaoyao_idle.png-67ad804679c83f64f34f250f8fd448e2.ctex[39m[0m
[   6% ] [90m[1msavepack[22m | Storing File: res://assets/art/battle_characters/li_xiaoyao_idle.png.import[39m[0m
[   7% ] [90m[1msavepack[22m | Storing File: res://.godot/imported/li_xiaoyao_low_hp.png-ceb3ff35ac23e247e6709b7b64daffc0.ctex[39m[0m
[   7% ] [90m[1msavepack[22m | Storing File: res://assets/art/battle_characters/li_xiaoyao_low_hp.png.import[39m[0m
[   7% ] [90m[1msavepack[22m | Storing File: res://.godot/imported/zhao_linger_attack.png-a684f16f28d78bcd4085cb7d36fe5d20.ctex[39m[0m
[   7% ] [90m[1msavepack[22m | Storing File: res://assets/art/battle_characters/zhao_linger_attack.png.import[39m[0m
[   7% ] [90m[1msavepack[22m | Storing File: res://.godot/imported/zhao_linger_block.png-651d0fbefdfcb8478e34c9f7bd919129.ctex[39m[0m
[   7% ] [90m[1msavepack[22m | Storing File: res://assets/art/battle_characters/zhao_linger_block.png.import[39m[0m
[   8% ] [90m[1msavepack[22m | Storing File: res://.godot/imported/zhao_linger_cast.png-a0dc9674c710d8da544a7c98b29f2479.ctex[39m[0m
[   8% ] [90m[1msavepack[22m | Storing File: res://assets/art/battle_characters/zhao_linger_cast.png.import[39m[0m
[   8% ] [90m[1msavepack[22m | Storing File: res://.godot/imported/zhao_linger_downed.png-a899dbe1d2ab979c09d89c4b24a995ed.ctex[39m[0m
[   8% ] [90m[1msavepack[22m | Storing File: res://assets/art/battle_characters/zhao_linger_downed.png.import[39m[0m
[   8% ] [90m[1msavepack[22m | Storing File: res://.godot/imported/zhao_linger_idle.png-52f2a8d14e9dd240546554ccd6a69a04.ctex[39m[0m
[   8% ] [90m[1msavepack[22m | Storing File: res://assets/art/battle_characters/zhao_linger_idle.png.import[39m[0m
[   9% ] [90m[1msavepack[22m | Storing File: res://.godot/imported/zhao_linger_low_hp.png-80c8de5565b3e8e69206155a47d025a3.ctex[39m[0m
[   9% ] [90m[1msavepack[22m | Storing File: res://assets/art/battle_characters/zhao_linger_low_hp.png.import[39m[0m
[   9% ] [90m[1msavepack[22m | Storing File: res://.godot/imported/anu_baizu.png-c3e2b935231fbfa25259d8edc238c1fa.ctex[39m[0m
[   9% ] [90m[1msavepack[22m | Storing File: res://assets/art/cards/anu_baizu.png.import[39m[0m
[  10% ] [90m[1msavepack[22m | Storing File: res://.godot/imported/anu_baozhagu.png-cdbf6fcb43071ca8bfca55948f27141e.ctex[39m[0m
[  10% ] [90m[1msavepack[22m | Storing File: res://assets/art/cards/anu_baozhagu.png.import[39m[0m
[  10% ] [90m[1msavepack[22m | Storing File: res://.godot/imported/anu_duwu.png-29f71b00d14b2b83fdc9417b8852eda4.ctex[39m[0m
[  10% ] [90m[1msavepack[22m | Storing File: res://assets/art/cards/anu_duwu.png.import[39m[0m
[  10% ] [90m[1msavepack[22m | Storing File: res://.godot/imported/anu_duzhen.png-5821a146a550c63f3ba6ccdebf4c7f6f.ctex[39m[0m
[  10% ] [90m[1msavepack[22m | Storing File: res://assets/art/cards/anu_duzhen.png.import[39m[0m
[  11% ] [90m[1msavepack[22m | Storing File: res://.godot/imported/anu_guijiang.png-051512cfc8fc69f701ca377647e02bd1.ctex[39m[0m
[  11% ] [90m[1msavepack[22m | Storing File: res://assets/art/cards/anu_guijiang.png.import[39m[0m
[  11% ] [90m[1msavepack[22m | Storing File: res://.godot/imported/anu_guling.png-cb5a6a9d2d7fee6131b57d41095e5e08.ctex[39m[0m
[  11% ] [90m[1msavepack[22m | Storing File: res://assets/art/cards/anu_guling.png.import[39m[0m
[  11% ] [90m[1msavepack[22m | Storing File: res://.godot/imported/anu_gushen.png-30ae6ea08b0e9317fb697668b294e585.ctex[39m[0m
[  11% ] [90m[1msavepack[22m | Storing File: res://assets/art/cards/anu_gushen.png.import[39m[0m
[  12% ] [90m[1msavepack[22m | Storing File: res://.godot/imported/anu_guwang.png-8e8f567167c37f92d4bbc3b39be039de.ctex[39m[0m
[  12% ] [90m[1msavepack[22m | Storing File: res://assets/art/cards/anu_guwang.png.import[39m[0m
[  12% ] [90m[1msavepack[22m | Storing File: res://.godot/imported/anu_guxue.png-edcdb27dd858c5825a5d10bc680eafca.ctex[39m[0m
[  12% ] [90m[1msavepack[22m | Storing File: res://assets/art/cards/anu_guxue.png.import[39m[0m
[  12% ] [90m[1msavepack[22m | Storing File: res://.godot/imported/anu_jiedu.png-c0e91d2f534caba16fd1d80bbf087783.ctex[39m[0m
[  12% ] [90m[1msavepack[22m | Storing File: res://assets/art/cards/anu_jiedu.png.import[39m[0m
[  13% ] [90m[1msavepack[22m | Storing File: res://.godot/imported/anu_lingxue.png-7ce1a7b2964d2729d4bc9f7d47facba5.ctex[39m[0m
[  13% ] [90m[1msavepack[22m | Storing File: res://assets/art/cards/anu_lingxue.png.import[39m[0m
[  13% ] [90m[1msavepack[22m | Storing File: res://.godot/imported/anu_mihun.png-32ac6ff6f2306a4dbf1da420150817bc.ctex[39m[0m
[  13% ] [90m[1msavepack[22m | Storing File: res://assets/art/cards/anu_mihun.png.import[39m[0m
[  14% ] [90m[1msavepack[22m | Storing File: res://.godot/imported/anu_sanmao.png-2423c5c907eaca2128543d507ef4b396.ctex[39m[0m
[  14% ] [90m[1msavepack[22m | Storing File: res://assets/art/cards/anu_sanmao.png.import[39m[0m
[  14% ] [90m[1msavepack[22m | Storing File: res://.godot/imported/anu_wangyou.png-4ad5315c68b7b7e9b95a5473fbb25c97.ctex[39m[0m
[  14% ] [90m[1msavepack[22m | Storing File: res://assets/art/cards/anu_wangyou.png.import[39m[0m
[  14% ] [90m[1msavepack[22m | Storing File: res://.godot/imported/anu_wanyi.png-85e4ae677b7fab7b3f133fcbb438791f.ctex[39m[0m
[  14% ] [90m[1msavepack[22m | Storing File: res://assets/art/cards/anu_wanyi.png.import[39m[0m
[  15% ] [90m[1msavepack[22m | Storing File: res://.godot/imported/anu_yufeng.png-3634d57cb89dcd7f11187ade908eee9d.ctex[39m[0m
[  15% ] [90m[1msavepack[22m | Storing File: res://assets/art/cards/anu_yufeng.png.import[39m[0m
[  15% ] [90m[1msavepack[22m | Storing File: res://.godot/imported/lxy_bingxin.png-d72172af9d70ecd2d5c2dbf11c03e52b.ctex[39m[0m
[  15% ] [90m[1msavepack[22m | Storing File: res://assets/art/cards/lxy_bingxin.png.import[39m[0m
[  15% ] [90m[1msavepack[22m | Storing File: res://.godot/imported/lxy_feilong.png-f867969d99e43335c13e70f30a24cc67.ctex[39m[0m
[  15% ] [90m[1msavepack[22m | Storing File: res://assets/art/cards/lxy_feilong.png.import[39m[0m
[  16% ] [90m[1msavepack[22m | Storing File: res://.godot/imported/lxy_jianqi.png-a1e10ca8d0bc98ae66c60d770c103384.ctex[39m[0m
[  16% ] [90m[1msavepack[22m | Storing File: res://assets/art/cards/lxy_jianqi.png.import[39m[0m
[  16% ] [90m[1msavepack[22m | Storing File: res://.godot/imported/lxy_jianzhen.png-a7d618423b458eea82683e71de6c216d.ctex[39m[0m
[  16% ] [90m[1msavepack[22m | Storing File: res://assets/art/cards/lxy_jianzhen.png.import[39m[0m
[  16% ] [90m[1msavepack[22m | Storing File: res://.godot/imported/lxy_jiulong.png-fe45c4e4e891220fc9ff02e77cde9b5a.ctex[39m[0m
[  16% ] [90m[1msavepack[22m | Storing File: res://assets/art/cards/lxy_jiulong.png.import[39m[0m
[  17% ] [90m[1msavepack[22m | Storing File: res://.godot/imported/lxy_jiushen.png-57f7341cf3b0f3e4c78408b8f274bd57.ctex[39m[0m
[  17% ] [90m[1msavepack[22m | Storing File: res://assets/art/cards/lxy_jiushen.png.import[39m[0m
[  17% ] [90m[1msavepack[22m | Storing File: res://.godot/imported/lxy_liepo.png-7d8491be322319a703655f7acbca269d.ctex[39m[0m
[  17% ] [90m[1msavepack[22m | Storing File: res://assets/art/cards/lxy_liepo.png.import[39m[0m
[  18% ] [90m[1msavepack[22m | Storing File: res://.godot/imported/lxy_linghuo.png-a0dae1b01c3e75f67377bdf60e6927bb.ctex[39m[0m
[  18% ] [90m[1msavepack[22m | Storing File: res://assets/art/cards/lxy_linghuo.png.import[39m[0m
[  18% ] [90m[1msavepack[22m | Storing File: res://.godot/imported/lxy_qiliao.png-0216bffb3dbf09307d7bf5fb13b6ea51.ctex[39m[0m
[  18% ] [90m[1msavepack[22m | Storing File: res://assets/art/cards/lxy_qiliao.png.import[39m[0m
[  18% ] [90m[1msavepack[22m | Storing File: res://.godot/imported/lxy_qingfeng.png-aa350c5c8ed8d27b5d37e59c2b214bd3.ctex[39m[0m
[  18% ] [90m[1msavepack[22m | Storing File: res://assets/art/cards/lxy_qingfeng.png.import[39m[0m
[  19% ] [90m[1msavepack[22m | Storing File: res://.godot/imported/lxy_tianshi.png-946cd3121e809455d345901d84efb782.ctex[39m[0m
[  19% ] [90m[1msavepack[22m | Storing File: res://assets/art/cards/lxy_tianshi.png.import[39m[0m
[  19% ] [90m[1msavepack[22m | Storing File: res://.godot/imported/lxy_wanjian.png-8b7b225d22446a3b47e5f5c7bb98ae14.ctex[39m[0m
[  19% ] [90m[1msavepack[22m | Storing File: res://assets/art/cards/lxy_wanjian.png.import[39m[0m
[  19% ] [90m[1msavepack[22m | Storing File: res://.godot/imported/lxy_xianfeng.png-9fc007fef460c68800246f93bb126d7a.ctex[39m[0m
[  19% ] [90m[1msavepack[22m | Storing File: res://assets/art/cards/lxy_xianfeng.png.import[39m[0m
[  20% ] [90m[1msavepack[22m | Storing File: res://.godot/imported/lxy_xiaoyao_you.png-c3e4bfc5fcd786d26b0841d27d1f4b0e.ctex[39m[0m
[  20% ] [90m[1msavepack[22m | Storing File: res://assets/art/cards/lxy_xiaoyao_you.png.import[39m[0m
[  20% ] [90m[1msavepack[22m | Storing File: res://.godot/imported/lxy_yujian.png-0c0c2a62654f2fbf72817cefa8f68ad3.ctex[39m[0m
[  20% ] [90m[1msavepack[22m | Storing File: res://assets/art/cards/lxy_yujian.png.import[39m[0m
[  20% ] [90m[1msavepack[22m | Storing File: res://.godot/imported/lxy_zuilong.png-3fd2f0d5cd244884b2208b03f0592121.ctex[39m[0m
[  20% ] [90m[1msavepack[22m | Storing File: res://assets/art/cards/lxy_zuilong.png.import[39m[0m
[  21% ] [90m[1msavepack[22m | Storing File: res://.godot/imported/lxy_zuimeng.png-ae2aeb6031a5fc2bcb657e4505ac7765.ctex[39m[0m
[  21% ] [90m[1msavepack[22m | Storing File: res://assets/art/cards/lxy_zuimeng.png.import[39m[0m
[  21% ] [90m[1msavepack[22m | Storing File: res://.godot/imported/lyr_bianying.png-fe05163f9a090758d0b11398c7e2e399.ctex[39m[0m
[  21% ] [90m[1msavepack[22m | Storing File: res://assets/art/cards/lyr_bianying.png.import[39m[0m
[  22% ] [90m[1msavepack[22m | Storing File: res://.godot/imported/lyr_fanji.png-e9ed0d68f41148090d4dae2fdf8c7aa2.ctex[39m[0m
[  22% ] [90m[1msavepack[22m | Storing File: res://assets/art/cards/lyr_fanji.png.import[39m[0m
[  22% ] [90m[1msavepack[22m | Storing File: res://.godot/imported/lyr_jinchan.png-7cf9324b3bf88830cdba848fd140cf77.ctex[39m[0m
[  22% ] [90m[1msavepack[22m | Storing File: res://assets/art/cards/lyr_jinchan.png.import[39m[0m
[  22% ] [90m[1msavepack[22m | Storing File: res://.godot/imported/lyr_juesha.png-ecbbb428e58032ae5cbaf5d4ef01c9a1.ctex[39m[0m
[  22% ] [90m[1msavepack[22m | Storing File: res://assets/art/cards/lyr_juesha.png.import[39m[0m
[  23% ] [90m[1msavepack[22m | Storing File: res://.godot/imported/lyr_kuaijian.png-0cbe6e014727d3f9efff8a34738535ad.ctex[39m[0m
[  23% ] [90m[1msavepack[22m | Storing File: res://assets/art/cards/lyr_kuaijian.png.import[39m[0m
[  23% ] [90m[1msavepack[22m | Storing File: res://.godot/imported/lyr_lianhuan.png-baf261d6d118c7281a87ff24d7e52276.ctex[39m[0m
[  23% ] [90m[1msavepack[22m | Storing File: res://assets/art/cards/lyr_lianhuan.png.import[39m[0m
[  23% ] [90m[1msavepack[22m | Storing File: res://.godot/imported/lyr_ningshen.png-a1b1e8ba8f6ce8ecf7ed33ea4dcf52a0.ctex[39m[0m
[  23% ] [90m[1msavepack[22m | Storing File: res://assets/art/cards/lyr_ningshen.png.import[39m[0m
[  24% ] [90m[1msavepack[22m | Storing File: res://.godot/imported/lyr_poqian.png-1069b96a46edbdf658032537769285fd.ctex[39m[0m
[  24% ] [90m[1msavepack[22m | Storing File: res://assets/art/cards/lyr_poqian.png.import[39m[0m
[  24% ] [90m[1msavepack[22m | Storing File: res://.godot/imported/lyr_qiankun.png-7f793b9744bab4c98e7202bffcecf709.ctex[39m[0m
[  24% ] [90m[1msavepack[22m | Storing File: res://assets/art/cards/lyr_qiankun.png.import[39m[0m
[  24% ] [90m[1msavepack[22m | Storing File: res://.godot/imported/lyr_qijianzhi.png-cb9bd9aa3b62b97963d79042ca871492.ctex[39m[0m
[  24% ] [90m[1msavepack[22m | Storing File: res://assets/art/cards/lyr_qijianzhi.png.import[39m[0m
[  25% ] [90m[1msavepack[22m | Storing File: res://.godot/imported/lyr_shenfa.png-b226fcd6738d3fca89093d025ca96637.ctex[39m[0m
[  25% ] [90m[1msavepack[22m | Storing File: res://assets/art/cards/lyr_shenfa.png.import[39m[0m
[  25% ] [90m[1msavepack[22m | Storing File: res://.godot/imported/lyr_tianv.png-0d94b4208d14f845ed5e2897bb457c53.ctex[39m[0m
[  25% ] [90m[1msavepack[22m | Storing File: res://assets/art/cards/lyr_tianv.png.import[39m[0m
[  26% ] [90m[1msavepack[22m | Storing File: res://.godot/imported/lyr_tieyi.png-e57de2b4c353fb3d00be5464806c4713.ctex[39m[0m
[  26% ] [90m[1msavepack[22m | Storing File: res://assets/art/cards/lyr_tieyi.png.import[39m[0m
[  26% ] [90m[1msavepack[22m | Storing File: res://.godot/imported/lyr_xuanjian.png-6986d2b2aec1e9584b44a85c9a5814e2.ctex[39m[0m
[  26% ] [90m[1msavepack[22m | Storing File: res://assets/art/cards/lyr_xuanjian.png.import[39m[0m
[  26% ] [90m[1msavepack[22m | Storing File: res://.godot/imported/lyr_yiyang.png-631d3d01dab02f6d316fa1f533ce720f.ctex[39m[0m
[  26% ] [90m[1msavepack[22m | Storing File: res://assets/art/cards/lyr_yiyang.png.import[39m[0m
[  27% ] [90m[1msavepack[22m | Storing File: res://.godot/imported/lyr_zhanlong.png-e3a1c18b9da9ae2d608fba05f0648cdf.ctex[39m[0m
[  27% ] [90m[1msavepack[22m | Storing File: res://assets/art/cards/lyr_zhanlong.png.import[39m[0m
[  27% ] [90m[1msavepack[22m | Storing File: res://.godot/imported/zl_bingxin.png-ed78038eb9c1881e198faa5082e0e8d4.ctex[39m[0m
[  27% ] [90m[1msavepack[22m | Storing File: res://assets/art/cards/zl_bingxin.png.import[39m[0m
[  27% ] [90m[1msavepack[22m | Storing File: res://.godot/imported/zl_bingzhou.png-8e679ab7ff5506f24706055185c1088c.ctex[39m[0m
[  27% ] [90m[1msavepack[22m | Storing File: res://assets/art/cards/zl_bingzhou.png.import[39m[0m
[  28% ] [90m[1msavepack[22m | Storing File: res://.godot/imported/zl_fengling.png-ab83ec7e71d8dd6e89d7935e31b6f136.ctex[39m[0m
[  28% ] [90m[1msavepack[22m | Storing File: res://assets/art/cards/zl_fengling.png.import[39m[0m
[  28% ] [90m[1msavepack[22m | Storing File: res://.godot/imported/zl_guanyin.png-aa7b96431a6b577b86be81ed39bc3c57.ctex[39m[0m
[  28% ] [90m[1msavepack[22m | Storing File: res://assets/art/cards/zl_guanyin.png.import[39m[0m
[  28% ] [90m[1msavepack[22m | Storing File: res://.godot/imported/zl_huanyu.png-306cc285c51a595c9e6b9614258a429f.ctex[39m[0m
[  28% ] [90m[1msavepack[22m | Storing File: res://assets/art/cards/zl_huanyu.png.import[39m[0m
[  29% ] [90m[1msavepack[22m | Storing File: res://.godot/imported/zl_huihun.png-d557c79da52168bd7cebbdd5fa40f595.ctex[39m[0m
[  29% ] [90m[1msavepack[22m | Storing File: res://assets/art/cards/zl_huihun.png.import[39m[0m
[  29% ] [90m[1msavepack[22m | Storing File: res://.godot/imported/zl_jingang.png-32bccbf0edcaaeb7d4d3cd2011a239cb.ctex[39m[0m
[  29% ] [90m[1msavepack[22m | Storing File: res://assets/art/cards/zl_jingang.png.import[39m[0m
[  29% ] [90m[1msavepack[22m | Storing File: res://.godot/imported/zl_leiguang.png-aececeab61890287dc76fee5b5439fbe.ctex[39m[0m
[  29% ] [90m[1msavepack[22m | Storing File: res://assets/art/cards/zl_leiguang.png.import[39m[0m
[  30% ] [90m[1msavepack[22m | Storing File: res://.godot/imported/zl_leizhou.png-81b376189a8ec8ea97a5f0188d5b8794.ctex[39m[0m
[  30% ] [90m[1msavepack[22m | Storing File: res://assets/art/cards/zl_leizhou.png.import[39m[0m
[  30% ] [90m[1msavepack[22m | Storing File: res://.godot/imported/zl_lingguang.png-3ce50566e2a05c58ea498ae965fbe591.ctex[39m[0m
[  30% ] [90m[1msavepack[22m | Storing File: res://assets/art/cards/zl_lingguang.png.import[39m[0m
[  31% ] [90m[1msavepack[22m | Storing File: res://.godot/imported/zl_lingxi.png-1148b8b4ff81d8bbb625350935d6af95.ctex[39m[0m
[  31% ] [90m[1msavepack[22m | Storing File: res://assets/art/cards/zl_lingxi.png.import[39m[0m
[  31% ] [90m[1msavepack[22m | Storing File: res://.godot/imported/zl_mengshe.png-0efb85db9bbf40376fc1e0f685dce641.ctex[39m[0m
[  31% ] [90m[1msavepack[22m | Storing File: res://assets/art/cards/zl_mengshe.png.import[39m[0m
[  31% ] [90m[1msavepack[22m | Storing File: res://.godot/imported/zl_nvwa.png-0605d7f56409e92c6adb3184959bdc5b.ctex[39m[0m
[  31% ] [90m[1msavepack[22m | Storing File: res://assets/art/cards/zl_nvwa.png.import[39m[0m
[  32% ] [90m[1msavepack[22m | Storing File: res://.godot/imported/zl_shenlei.png-33f16d8105fbfc959c3133eca60547e2.ctex[39m[0m
[  32% ] [90m[1msavepack[22m | Storing File: res://assets/art/cards/zl_shenlei.png.import[39m[0m
[  32% ] [90m[1msavepack[22m | Storing File: res://.godot/imported/zl_shuiling.png-9ff346eab9fba85231707f2d2ab22821.ctex[39m[0m
[  32% ] [90m[1msavepack[22m | Storing File: res://assets/art/cards/zl_shuiling.png.import[39m[0m
[  32% ] [90m[1msavepack[22m | Storing File: res://.godot/imported/zl_tianlei.png-1d961eb71ae391157ccd98b8413cbbff.ctex[39m[0m
[  32% ] [90m[1msavepack[22m | Storing File: res://assets/art/cards/zl_tianlei.png.import[39m[0m
[  33% ] [90m[1msavepack[22m | Storing File: res://.godot/imported/zl_wuqi.png-ca2718d7fb12a5a9a0938c4f26117ffe.ctex[39m[0m
[  33% ] [90m[1msavepack[22m | Storing File: res://assets/art/cards/zl_wuqi.png.import[39m[0m
[  33% ] [90m[1msavepack[22m | Storing File: res://.godot/imported/zl_xuanbing.png-d1fe38320d19da2f6c705c0fb8777283.ctex[39m[0m
[  33% ] [90m[1msavepack[22m | Storing File: res://assets/art/cards/zl_xuanbing.png.import[39m[0m
[  33% ] [90m[1msavepack[22m | Storing File: res://.godot/imported/zl_yanzhou.png-85263beb7684dbb1c47ade2f86c5e14c.ctex[39m[0m
[  33% ] [90m[1msavepack[22m | Storing File: res://assets/art/cards/zl_yanzhou.png.import[39m[0m
[  33% ] [90m[1msavepack[22m | Storing File: res://.godot/imported/ancient_evil_spirit.png-2df2b3aca893ba435e5aef2ffb369c9f.ctex[39m[0m
[  33% ] [90m[1msavepack[22m | Storing File: res://assets/art/enemies/ancient_evil_spirit.png.import[39m[0m
[  33% ] [90m[1msavepack[22m | Storing File: res://.godot/imported/baiyue_guard.png-9090868e156ef8a5165cde8321177fdf.ctex[39m[0m
[  33% ] [90m[1msavepack[22m | Storing File: res://assets/art/enemies/baiyue_guard.png.import[39m[0m
[  34% ] [90m[1msavepack[22m | Storing File: res://.godot/imported/baiyue_lord.png-eb83d18421a0d434bb245932859b4f12.ctex[39m[0m
[  34% ] [90m[1msavepack[22m | Storing File: res://assets/art/enemies/baiyue_lord.png.import[39m[0m
[  34% ] [90m[1msavepack[22m | Storing File: res://.godot/imported/bandit.png-5ce21d0e40aea176725725266e5038d6.ctex[39m[0m
[  34% ] [90m[1msavepack[22m | Storing File: res://assets/art/enemies/bandit.png.import[39m[0m
[  34% ] [90m[1msavepack[22m | Storing File: res://.godot/imported/beast.png-bfe53dc8ad35c7a8f783c2c6895471fd.ctex[39m[0m
[  34% ] [90m[1msavepack[22m | Storing File: res://assets/art/enemies/beast.png.import[39m[0m
[  35% ] [90m[1msavepack[22m | Storing File: res://.godot/imported/centipede_lord.png-ff25e237cde16885ac09048619751a67.ctex[39m[0m
[  35% ] [90m[1msavepack[22m | Storing File: res://assets/art/enemies/centipede_lord.png.import[39m[0m
[  35% ] [90m[1msavepack[22m | Storing File: res://.godot/imported/fox_spirit.png-564fa05ea3092630cc0a13a500333bbe.ctex[39m[0m
[  35% ] [90m[1msavepack[22m | Storing File: res://assets/art/enemies/fox_spirit.png.import[39m[0m
[  35% ] [90m[1msavepack[22m | Storing File: res://.godot/imported/gu_cultist.png-a10b497c250b3a51737cf1256dddde23.ctex[39m[0m
[  35% ] [90m[1msavepack[22m | Storing File: res://assets/art/enemies/gu_cultist.png.import[39m[0m
[  36% ] [90m[1msavepack[22m | Storing File: res://.godot/imported/moon_worshipper.png-ab308a3ba991baceffc36e5a3ea9a9bb.ctex[39m[0m
[  36% ] [90m[1msavepack[22m | Storing File: res://assets/art/enemies/moon_worshipper.png.import[39m[0m
[  36% ] [90m[1msavepack[22m | Storing File: res://.godot/imported/red_eye_demon.png-223e36c5811375cf3e7def4f531d9472.ctex[39m[0m
[  36% ] [90m[1msavepack[22m | Storing File: res://assets/art/enemies/red_eye_demon.png.import[39m[0m
[  36% ] [90m[1msavepack[22m | Storing File: res://.godot/imported/serpent_demon.png-aef145977ebde9a37ba3cecba40906da.ctex[39m[0m
[  36% ] [90m[1msavepack[22m | Storing File: res://assets/art/enemies/serpent_demon.png.import[39m[0m
[  37% ] [90m[1msavepack[22m | Storing File: res://.godot/imported/sword_spirit.png-6f33674be0dbd030a270faaf6719d234.ctex[39m[0m
[  37% ] [90m[1msavepack[22m | Storing File: res://assets/art/enemies/sword_spirit.png.import[39m[0m
[  37% ] [90m[1msavepack[22m | Storing File: res://.godot/imported/tower_demon.png-2fbdbdfa397ac4864374cb5b4c6d7805.ctex[39m[0m
[  37% ] [90m[1msavepack[22m | Storing File: res://assets/art/enemies/tower_demon.png.import[39m[0m
[  38% ] [90m[1msavepack[22m | Storing File: res://.godot/imported/tower_ghost_soldier.png-0077352fe465550e439e0646731f143b.ctex[39m[0m
[  38% ] [90m[1msavepack[22m | Storing File: res://assets/art/enemies/tower_ghost_soldier.png.import[39m[0m
[  38% ] [90m[1msavepack[22m | Storing File: res://.godot/imported/toxic_centipede.png-12fb108205833d03cbb4b4e52379a045.ctex[39m[0m
[  38% ] [90m[1msavepack[22m | Storing File: res://assets/art/enemies/toxic_centipede.png.import[39m[0m
[  38% ] [90m[1msavepack[22m | Storing File: res://.godot/imported/water_tentacle.png-02f606365b982753ca5f7fac51df2f01.ctex[39m[0m
[  38% ] [90m[1msavepack[22m | Storing File: res://assets/art/enemies/water_tentacle.png.import[39m[0m
[  39% ] [90m[1msavepack[22m | Storing File: res://.godot/imported/witch_queen.png-6df6081190bf454ba000e83f701e13ed.ctex[39m[0m
[  39% ] [90m[1msavepack[22m | Storing File: res://assets/art/enemies/witch_queen.png.import[39m[0m
[  39% ] [90m[1msavepack[22m | Storing File: res://.godot/imported/zombie_general.png-ff4bf55fa5abd916a839a3d5b29f117b.ctex[39m[0m
[  39% ] [90m[1msavepack[22m | Storing File: res://assets/art/enemies/zombie_general.png.import[39m[0m
[  39% ] [90m[1msavepack[22m | Storing File: res://.godot/imported/zombie_soldier.png-3fc866abd70eb618d5a5574442cc00e5.ctex[39m[0m
[  39% ] [90m[1msavepack[22m | Storing File: res://assets/art/enemies/zombie_soldier.png.import[39m[0m
[  40% ] [90m[1msavepack[22m | Storing File: res://.godot/imported/alchemy_furnace.png-ecfba22d07a45ff2dd59ae933ff3b76f.ctex[39m[0m
[  40% ] [90m[1msavepack[22m | Storing File: res://assets/art/events/alchemy_furnace.png.import[39m[0m
[  40% ] [90m[1msavepack[22m | Storing File: res://.godot/imported/ancestor_relic.png-54ee97edc34a74b08ad4f86e2507899e.ctex[39m[0m
[  40% ] [90m[1msavepack[22m | Storing File: res://assets/art/events/ancestor_relic.png.import[39m[0m
[  40% ] [90m[1msavepack[22m | Storing File: res://.godot/imported/ancient_battlefield.png-8fa17753e4088d8c7c1bf20ec0898d0e.ctex[39m[0m
[  40% ] [90m[1msavepack[22m | Storing File: res://assets/art/events/ancient_battlefield.png.import[39m[0m
[  41% ] [90m[1msavepack[22m | Storing File: res://.godot/imported/aqi_reunion.png-e4cc9c8fb9c716e7f12929dc763b4765.ctex[39m[0m
[  41% ] [90m[1msavepack[22m | Storing File: res://assets/art/events/aqi_reunion.png.import[39m[0m
[  41% ] [90m[1msavepack[22m | Storing File: res://.godot/imported/baiyue_altar.png-aec2bbe1845d3026fd7a9b154cc534f7.ctex[39m[0m
[  41% ] [90m[1msavepack[22m | Storing File: res://assets/art/events/baiyue_altar.png.import[39m[0m
[  42% ] [90m[1msavepack[22m | Storing File: res://.godot/imported/broken_temple.png-b54042787d8a5ef24f2b62c47e1eecfa.ctex[39m[0m
[  42% ] [90m[1msavepack[22m | Storing File: res://assets/art/events/broken_temple.png.import[39m[0m
[  42% ] [90m[1msavepack[22m | Storing File: res://.godot/imported/drunk_swordsman.png-bcd7dd49591776fadce5e9c232e2b086.ctex[39m[0m
[  42% ] [90m[1msavepack[22m | Storing File: res://assets/art/events/drunk_swordsman.png.import[39m[0m
[  42% ] [90m[1msavepack[22m | Storing File: res://.godot/imported/flower_spirit.png-7226e078936ccd4bb498ba13081e157d.ctex[39m[0m
[  42% ] [90m[1msavepack[22m | Storing File: res://assets/art/events/flower_spirit.png.import[39m[0m
[  43% ] [90m[1msavepack[22m | Storing File: res://.godot/imported/flower_thief.png-8109609652a2c4309b3ce3f75120ad4a.ctex[39m[0m
[  43% ] [90m[1msavepack[22m | Storing File: res://assets/art/events/flower_thief.png.import[39m[0m
[  43% ] [90m[1msavepack[22m | Storing File: res://.godot/imported/forgotten_altar.png-8855d963d7f4edeafb2b853230fb58d4.ctex[39m[0m
[  43% ] [90m[1msavepack[22m | Storing File: res://assets/art/events/forgotten_altar.png.import[39m[0m
[  43% ] [90m[1msavepack[22m | Storing File: res://.godot/imported/ghost_forest.png-2e8106a33389e504b7c56d3c37da6540.ctex[39m[0m
[  43% ] [90m[1msavepack[22m | Storing File: res://assets/art/events/ghost_forest.png.import[39m[0m
[  44% ] [90m[1msavepack[22m | Storing File: res://.godot/imported/immortal_ruins.png-5269a4ca63ed4f6552540170e1528dd4.ctex[39m[0m
[  44% ] [90m[1msavepack[22m | Storing File: res://assets/art/events/immortal_ruins.png.import[39m[0m
[  44% ] [90m[1msavepack[22m | Storing File: res://.godot/imported/jiang_waner_grief.png-310c76769fbfb86343e3f6caebd3443c.ctex[39m[0m
[  44% ] [90m[1msavepack[22m | Storing File: res://assets/art/events/jiang_waner_grief.png.import[39m[0m
[  44% ] [90m[1msavepack[22m | Storing File: res://.godot/imported/jianling_whisper.png-48b158dbc32bfb911bc045ce68136a55.ctex[39m[0m
[  44% ] [90m[1msavepack[22m | Storing File: res://assets/art/events/jianling_whisper.png.import[39m[0m
[  45% ] [90m[1msavepack[22m | Storing File: res://.godot/imported/lingmiao.png-baae18a79e87ed79b845b9e945190009.ctex[39m[0m
[  45% ] [90m[1msavepack[22m | Storing File: res://assets/art/events/lingmiao.png.import[39m[0m
[  45% ] [90m[1msavepack[22m | Storing File: res://.godot/imported/miao_healer.png-aba5f6f68eec21ec91fa4381dfad8fd4.ctex[39m[0m
[  45% ] [90m[1msavepack[22m | Storing File: res://assets/art/events/miao_healer.png.import[39m[0m
[  46% ] [90m[1msavepack[22m | Storing File: res://.godot/imported/moonlit_pool.png-6cbe27f12c569a0dd0c5562a2a700435.ctex[39m[0m
[  46% ] [90m[1msavepack[22m | Storing File: res://assets/art/events/moonlit_pool.png.import[39m[0m
[  46% ] [90m[1msavepack[22m | Storing File: res://.godot/imported/shilipo_sword_god.png-4429e023836e2e286724b9683aeeb7d2.ctex[39m[0m
[  46% ] [90m[1msavepack[22m | Storing File: res://assets/art/events/shilipo_sword_god.png.import[39m[0m
[  46% ] [90m[1msavepack[22m | Storing File: res://.godot/imported/shrine.png-e8ad2df3b58cbeacf05a06fcb09524a5.ctex[39m[0m
[  46% ] [90m[1msavepack[22m | Storing File: res://assets/art/events/shrine.png.import[39m[0m
[  47% ] [90m[1msavepack[22m | Storing File: res://.godot/imported/spirit_clan_ruins.png-95ba3fe08cfdbcd6f7b04beb31e6bb5b.ctex[39m[0m
[  47% ] [90m[1msavepack[22m | Storing File: res://assets/art/events/spirit_clan_ruins.png.import[39m[0m
[  47% ] [90m[1msavepack[22m | Storing File: res://.godot/imported/spring.png-66fce46fef84b5868c083ec9bb0b82e5.ctex[39m[0m
[  47% ] [90m[1msavepack[22m | Storing File: res://assets/art/events/spring.png.import[39m[0m
[  47% ] [90m[1msavepack[22m | Storing File: res://.godot/imported/sword_tomb.png-9fd9f7eab368f8109a621593c52dc81e.ctex[39m[0m
[  47% ] [90m[1msavepack[22m | Storing File: res://assets/art/events/sword_tomb.png.import[39m[0m
[  48% ] [90m[1msavepack[22m | Storing File: res://.godot/imported/talisman_cache.png-a7fdf077d407576685256ae687343e83.ctex[39m[0m
[  48% ] [90m[1msavepack[22m | Storing File: res://assets/art/events/talisman_cache.png.import[39m[0m
[  48% ] [90m[1msavepack[22m | Storing File: res://.godot/imported/tangyu_sparring.png-1ab040ffd9fe6351a8d99516b33bcb37.ctex[39m[0m
[  48% ] [90m[1msavepack[22m | Storing File: res://assets/art/events/tangyu_sparring.png.import[39m[0m
[  48% ] [90m[1msavepack[22m | Storing File: res://.godot/imported/tavern_acquaintance.png-49a547454e7a03d0f0050e83b60365e7.ctex[39m[0m
[  48% ] [90m[1msavepack[22m | Storing File: res://assets/art/events/tavern_acquaintance.png.import[39m[0m
[  49% ] [90m[1msavepack[22m | Storing File: res://.godot/imported/treasure_chest.png-d2f98bad781c3db505c158e05dfd7db1.ctex[39m[0m
[  49% ] [90m[1msavepack[22m | Storing File: res://assets/art/events/treasure_chest.png.import[39m[0m
[  49% ] [90m[1msavepack[22m | Storing File: res://.godot/imported/wandering_sage.png-33acc8bbb4ac3aed8b75204d41e06c8b.ctex[39m[0m
[  49% ] [90m[1msavepack[22m | Storing File: res://assets/art/events/wandering_sage.png.import[39m[0m
[  50% ] [90m[1msavepack[22m | Storing File: res://.godot/imported/xianling_shrine.png-2b16bde31cff5335ddc897fd648851de.ctex[39m[0m
[  50% ] [90m[1msavepack[22m | Storing File: res://assets/art/events/xianling_shrine.png.import[39m[0m
[  50% ] [90m[1msavepack[22m | Storing File: res://.godot/imported/yangzhou_officer.png-01774514dfc24637230f4bbffc17842d.ctex[39m[0m
[  50% ] [90m[1msavepack[22m | Storing File: res://assets/art/events/yangzhou_officer.png.import[39m[0m
[  50% ] [90m[1msavepack[22m | Storing File: res://.godot/imported/yinlong_cave.png-555f193865d09a004debb45652b10cc6.ctex[39m[0m
[  50% ] [90m[1msavepack[22m | Storing File: res://assets/art/events/yinlong_cave.png.import[39m[0m
[  51% ] [90m[1msavepack[22m | Storing File: res://.godot/imported/yokai_pact.png-2488e3cbf75197a1b30f649a37a8d60f.ctex[39m[0m
[  51% ] [90m[1msavepack[22m | Storing File: res://assets/art/events/yokai_pact.png.import[39m[0m
[  51% ] [90m[1msavepack[22m | Storing File: res://.godot/imported/anu.png-e2a580ebab8c776a73f550fafc434b65.ctex[39m[0m
[  51% ] [90m[1msavepack[22m | Storing File: res://assets/art/portraits/anu.png.import[39m[0m
[  51% ] [90m[1msavepack[22m | Storing File: res://.godot/imported/lin_yueru.png-7ca63d231d0a2775f4737e8a6e9a4782.ctex[39m[0m
[  51% ] [90m[1msavepack[22m | Storing File: res://assets/art/portraits/lin_yueru.png.import[39m[0m
[  52% ] [90m[1msavepack[22m | Storing File: res://.godot/imported/li_xiaoyao.png-26b2ac78572fa1c4a77801603ca21010.ctex[39m[0m
[  52% ] [90m[1msavepack[22m | Storing File: res://assets/art/portraits/li_xiaoyao.png.import[39m[0m
[  52% ] [90m[1msavepack[22m | Storing File: res://.godot/imported/zhao_linger.png-eeb27c66db0b40c307d92cdc20a2740c.ctex[39m[0m
[  52% ] [90m[1msavepack[22m | Storing File: res://assets/art/portraits/zhao_linger.png.import[39m[0m
[  52% ] [90m[1msavepack[22m | Storing File: res://.godot/imported/baiyue_jiaozhi.png-bc62f0bbf020697f7d3b86628f8a2348.ctex[39m[0m
[  52% ] [90m[1msavepack[22m | Storing File: res://assets/art/relics/baiyue_jiaozhi.png.import[39m[0m
[  53% ] [90m[1msavepack[22m | Storing File: res://.godot/imported/baiyue_shenfu.png-ef5b4430eaf2df01b4220e67b543908b.ctex[39m[0m
[  53% ] [90m[1msavepack[22m | Storing File: res://assets/art/relics/baiyue_shenfu.png.import[39m[0m
[  53% ] [90m[1msavepack[22m | Storing File: res://.godot/imported/bai_hu_ya.png-2be1f9b4f496e519ee9ea965591ab647.ctex[39m[0m
[  53% ] [90m[1msavepack[22m | Storing File: res://assets/art/relics/bai_hu_ya.png.import[39m[0m
[  53% ] [90m[1msavepack[22m | Storing File: res://.godot/imported/chiyan_fuyin.png-458cbef8d7bffd1a08fff961e25e40ea.ctex[39m[0m
[  53% ] [90m[1msavepack[22m | Storing File: res://assets/art/relics/chiyan_fuyin.png.import[39m[0m
[  54% ] [90m[1msavepack[22m | Storing File: res://.godot/imported/chunjun_jian.png-94ba4314bf2e4c00403d65bd701d1f41.ctex[39m[0m
[  54% ] [90m[1msavepack[22m | Storing File: res://assets/art/relics/chunjun_jian.png.import[39m[0m
[  54% ] [90m[1msavepack[22m | Storing File: res://assets/art/relics/duo_bao_ge.png.import[39m[0m
[  55% ] [90m[1msavepack[22m | Storing File: res://.godot/imported/e_yun_fu.png-c4c7e050e6ea336b76d038f252f98b49.ctex[39m[0m
[  55% ] [90m[1msavepack[22m | Storing File: res://assets/art/relics/e_yun_fu.png.import[39m[0m
[  55% ] [90m[1msavepack[22m | Storing File: res://assets/art/relics/fan_hun_zhou.png.import[39m[0m
[  55% ] [90m[1msavepack[22m | Storing File: res://.godot/imported/feng_hun_yu.png-94ef5e974e0f4c6e96ecf29f06618eef.ctex[39m[0m
[  55% ] [90m[1msavepack[22m | Storing File: res://assets/art/relics/feng_hun_yu.png.import[39m[0m
[  56% ] [90m[1msavepack[22m | Storing File: res://.godot/imported/feng_ling_dang.png-245eaa58f89134f7a5643d369c3b0104.ctex[39m[0m
[  56% ] [90m[1msavepack[22m | Storing File: res://assets/art/relics/feng_ling_dang.png.import[39m[0m
[  56% ] [90m[1msavepack[22m | Storing File: res://.godot/imported/guijiang_lingpai.png-be033acbbbe9e55a6910b7a6d496c4c5.ctex[39m[0m
[  56% ] [90m[1msavepack[22m | Storing File: res://assets/art/relics/guijiang_lingpai.png.import[39m[0m
[  56% ] [90m[1msavepack[22m | Storing File: res://assets/art/relics/gui_jia_fu.png.import[39m[0m
[  57% ] [90m[1msavepack[22m | Storing File: res://.godot/imported/han_shuang_zhu.png-2b6f5b95ac0dffc810cf1aa40d6c0574.ctex[39m[0m
[  57% ] [90m[1msavepack[22m | Storing File: res://assets/art/relics/han_shuang_zhu.png.import[39m[0m
[  57% ] [90m[1msavepack[22m | Storing File: res://assets/art/relics/hu_fa_zhou.png.import[39m[0m
[  57% ] [90m[1msavepack[22m | Storing File: res://.godot/imported/hu_xin_jing.png-94b041d833f70feec810921df549b92d.ctex[39m[0m
[  57% ] [90m[1msavepack[22m | Storing File: res://assets/art/relics/hu_xin_jing.png.import[39m[0m
[  58% ] [90m[1msavepack[22m | Storing File: res://.godot/imported/jiao_long_xian.png-64b1c0cea71865fdb06f29f49e10a826.ctex[39m[0m
[  58% ] [90m[1msavepack[22m | Storing File: res://assets/art/relics/jiao_long_xian.png.import[39m[0m
[  58% ] [90m[1msavepack[22m | Storing File: res://.godot/imported/ju_bao_pen.png-af2b2df9b1f9c1b7b0897c7f29b731d7.ctex[39m[0m
[  58% ] [90m[1msavepack[22m | Storing File: res://assets/art/relics/ju_bao_pen.png.import[39m[0m
[  59% ] [90m[1msavepack[22m | Storing File: res://.godot/imported/lei_zhen_zi.png-04016a6935e35f9779abde9b31528ccc.ctex[39m[0m
[  59% ] [90m[1msavepack[22m | Storing File: res://assets/art/relics/lei_zhen_zi.png.import[39m[0m
[  59% ] [90m[1msavepack[22m | Storing File: res://.godot/imported/lie_huo_ling.png-26240a48f84d0ca3d2d847244737f41d.ctex[39m[0m
[  59% ] [90m[1msavepack[22m | Storing File: res://assets/art/relics/lie_huo_ling.png.import[39m[0m
[  59% ] [90m[1msavepack[22m | Storing File: res://.godot/imported/longquan_jian.png-4afb30903d3b84be1899566dce2c35cf.ctex[39m[0m
[  59% ] [90m[1msavepack[22m | Storing File: res://assets/art/relics/longquan_jian.png.import[39m[0m
[  60% ] [90m[1msavepack[22m | Storing File: res://.godot/imported/longshe_zhang.png-afdab45b6e672accd1fd12ab03c6fe5f.ctex[39m[0m
[  60% ] [90m[1msavepack[22m | Storing File: res://assets/art/relics/longshe_zhang.png.import[39m[0m
[  60% ] [90m[1msavepack[22m | Storing File: res://assets/art/relics/long_lin_jia.png.import[39m[0m
[  60% ] [90m[1msavepack[22m | Storing File: res://.godot/imported/long_xue_shi.png-5012736841ae277a322e4a16ec948cf2.ctex[39m[0m
[  60% ] [90m[1msavepack[22m | Storing File: res://assets/art/relics/long_xue_shi.png.import[39m[0m
[  61% ] [90m[1msavepack[22m | Storing File: res://.godot/imported/nian_xiang_lu.png-3bce06e5495b6dda987602e4e8c05278.ctex[39m[0m
[  61% ] [90m[1msavepack[22m | Storing File: res://assets/art/relics/nian_xiang_lu.png.import[39m[0m
[  61% ] [90m[1msavepack[22m | Storing File: res://.godot/imported/ning_qi_dan.png-0e710a54104f6460726599ecb0605824.ctex[39m[0m
[  61% ] [90m[1msavepack[22m | Storing File: res://assets/art/relics/ning_qi_dan.png.import[39m[0m
[  61% ] [90m[1msavepack[22m | Storing File: res://.godot/imported/nuwa_shi.png-059ba9b533c806967873669dd54ce7ae.ctex[39m[0m
[  61% ] [90m[1msavepack[22m | Storing File: res://assets/art/relics/nuwa_shi.png.import[39m[0m
[  62% ] [90m[1msavepack[22m | Storing File: res://assets/art/relics/nu_huo_ling.png.import[39m[0m
[  62% ] [90m[1msavepack[22m | Storing File: res://assets/art/relics/nu_mu_zhu.png.import[39m[0m
[  63% ] [90m[1msavepack[22m | Storing File: res://.godot/imported/qing_long_yi.png-9f16e76e50c0f8eaefebbaeed1a991c0.ctex[39m[0m
[  63% ] [90m[1msavepack[22m | Storing File: res://assets/art/relics/qing_long_yi.png.import[39m[0m
[  63% ] [90m[1msavepack[22m | Storing File: res://.godot/imported/she_dan.png-4cee94b9c2e1838a36099a982046dfda.ctex[39m[0m
[  63% ] [90m[1msavepack[22m | Storing File: res://assets/art/relics/she_dan.png.import[39m[0m
[  63% ] [90m[1msavepack[22m | Storing File: res://.godot/imported/shigu_gu.png-4790ca25248ca729f181ec7e31113243.ctex[39m[0m
[  63% ] [90m[1msavepack[22m | Storing File: res://assets/art/relics/shigu_gu.png.import[39m[0m
[  64% ] [90m[1msavepack[22m | Storing File: res://.godot/imported/shiling_gu.png-5ee328457f623d675bb337a5514e7e65.ctex[39m[0m
[  64% ] [90m[1msavepack[22m | Storing File: res://assets/art/relics/shiling_gu.png.import[39m[0m
[  64% ] [90m[1msavepack[22m | Storing File: res://.godot/imported/shi_gu_zhen.png-dfd59f45022222e71c79166ed76265ce.ctex[39m[0m
[  64% ] [90m[1msavepack[22m | Storing File: res://assets/art/relics/shi_gu_zhen.png.import[39m[0m
[  64% ] [90m[1msavepack[22m | Storing File: res://.godot/imported/suoyao_yu.png-5525a233c001166d5aa8818a7d3a3013.ctex[39m[0m
[  64% ] [90m[1msavepack[22m | Storing File: res://assets/art/relics/suoyao_yu.png.import[39m[0m
[  65% ] [90m[1msavepack[22m | Storing File: res://assets/art/relics/suo_hun_huan.png.import[39m[0m
[  65% ] [90m[1msavepack[22m | Storing File: res://assets/art/relics/tai_ji_zhu.png.import[39m[0m
[  65% ] [90m[1msavepack[22m | Storing File: res://assets/art/relics/tie_gu_dan.png.import[39m[0m
[  66% ] [90m[1msavepack[22m | Storing File: res://assets/art/relics/tie_xue_ling.png.import[39m[0m
[  66% ] [90m[1msavepack[22m | Storing File: res://.godot/imported/tong_bao_qian.png-c73c9c552de135382a504f53a1fd7bfe.ctex[39m[0m
[  66% ] [90m[1msavepack[22m | Storing File: res://assets/art/relics/tong_bao_qian.png.import[39m[0m
[  66% ] [90m[1msavepack[22m | Storing File: res://.godot/imported/wanyi_wang.png-832b3e52075a378078974a1c418213f4.ctex[39m[0m
[  66% ] [90m[1msavepack[22m | Storing File: res://assets/art/relics/wanyi_wang.png.import[39m[0m
[  66% ] [90m[1msavepack[22m | Storing File: res://.godot/imported/wugong_jia.png-8c6ccb32ba07a4aaae0198d795d89edb.ctex[39m[0m
[  66% ] [90m[1msavepack[22m | Storing File: res://assets/art/relics/wugong_jia.png.import[39m[0m
[  66% ] [90m[1msavepack[22m | Storing File: res://assets/art/relics/wu_cai_shi.png.import[39m[0m
[  67% ] [90m[1msavepack[22m | Storing File: res://.godot/imported/wu_qi_chao_yuan.png-19a8efa44cf56c7e5fee27ce566f1302.ctex[39m[0m
[  67% ] [90m[1msavepack[22m | Storing File: res://assets/art/relics/wu_qi_chao_yuan.png.import[39m[0m
[  67% ] [90m[1msavepack[22m | Storing File: res://.godot/imported/xuanshuang_bian.png-0e09f9ee289837994e2f293e54706aa1.ctex[39m[0m
[  67% ] [90m[1msavepack[22m | Storing File: res://assets/art/relics/xuanshuang_bian.png.import[39m[0m
[  67% ] [90m[1msavepack[22m | Storing File: res://.godot/imported/xuan_wu_hun.png-9713438a2ae9121cf53791ed595d50ff.ctex[39m[0m
[  67% ] [90m[1msavepack[22m | Storing File: res://assets/art/relics/xuan_wu_hun.png.import[39m[0m
[  68% ] [90m[1msavepack[22m | Storing File: res://.godot/imported/xue_hun_fu.png-81b45c362435b072790eb52f7628f8dd.ctex[39m[0m
[  68% ] [90m[1msavepack[22m | Storing File: res://assets/art/relics/xue_hun_fu.png.import[39m[0m
[  68% ] [90m[1msavepack[22m | Storing File: res://assets/art/relics/yao_qian_shu.png.import[39m[0m
[  68% ] [90m[1msavepack[22m | Storing File: res://.godot/imported/yin_hun_deng.png-b738ecc5d4c02e30080fd1608566da33.ctex[39m[0m
[  68% ] [90m[1msavepack[22m | Storing File: res://assets/art/relics/yin_hun_deng.png.import[39m[0m
[  69% ] [90m[1msavepack[22m | Storing File: res://assets/art/relics/yin_hun_die.png.import[39m[0m
[  69% ] [90m[1msavepack[22m | Storing File: res://.godot/imported/yu_ling_yu.png-3e1eb770e2d01610ff1f68faf7bdb5d2.ctex[39m[0m
[  69% ] [90m[1msavepack[22m | Storing File: res://assets/art/relics/yu_ling_yu.png.import[39m[0m
[  70% ] [90m[1msavepack[22m | Storing File: res://.godot/imported/yu_qi_lin.png-f99ed883f1e5f4a00d129e43ece14605.ctex[39m[0m
[  70% ] [90m[1msavepack[22m | Storing File: res://assets/art/relics/yu_qi_lin.png.import[39m[0m
[  70% ] [90m[1msavepack[22m | Storing File: res://.godot/imported/zhao_hun_fan.png-007300b87f1766a880a0c9679efc3508.ctex[39m[0m
[  70% ] [90m[1msavepack[22m | Storing File: res://assets/art/relics/zhao_hun_fan.png.import[39m[0m
[  70% ] [90m[1msavepack[22m | Storing File: res://assets/art/relics/zhen_hun_yu.png.import[39m[0m
[  71% ] [90m[1msavepack[22m | Storing File: res://.godot/imported/zhen_shan_fan.png-fc08f692a5d04229d582911631fa2b67.ctex[39m[0m
[  71% ] [90m[1msavepack[22m | Storing File: res://assets/art/relics/zhen_shan_fan.png.import[39m[0m
[  71% ] [90m[1msavepack[22m | Storing File: res://.godot/imported/zhi_fu_xiang.png-491cfc28225fa5bc1ac8d664ba70ed62.ctex[39m[0m
[  71% ] [90m[1msavepack[22m | Storing File: res://assets/art/relics/zhi_fu_xiang.png.import[39m[0m
[  71% ] [90m[1msavepack[22m | Storing File: res://.godot/imported/zhu_que_huo.png-e70437c7f149c07f22dcba8a6faf8985.ctex[39m[0m
[  71% ] [90m[1msavepack[22m | Storing File: res://assets/art/relics/zhu_que_huo.png.import[39m[0m
[  72% ] [90m[1msavepack[22m | Storing File: res://.godot/imported/zhu_sha_bi.png-a8a5d674c3a9994acbdd75d57f186894.ctex[39m[0m
[  72% ] [90m[1msavepack[22m | Storing File: res://assets/art/relics/zhu_sha_bi.png.import[39m[0m
[  72% ] [90m[1msavepack[22m | Storing File: res://.godot/imported/zi_fu_fu.png-8ab3fa226ae833d575937fef076514d5.ctex[39m[0m
[  72% ] [90m[1msavepack[22m | Storing File: res://assets/art/relics/zi_fu_fu.png.import[39m[0m
[  72% ] [90m[1msavepack[22m | Storing File: res://assets/art/relics/zui_xian_hu.png.import[39m[0m
[  73% ] [90m[1msavepack[22m | Storing File: res://.godot/imported/icon_background_432.png-d2125387ee1d89e35484d6604d85086d.ctex[39m[0m
[  73% ] [90m[1msavepack[22m | Storing File: res://icon_background_432.png.import[39m[0m
[  73% ] [90m[1msavepack[22m | Storing File: res://.godot/imported/icon_foreground_432.png-5e5bae10cc9d017e08b8c0005815e7cf.ctex[39m[0m
[  73% ] [90m[1msavepack[22m | Storing File: res://icon_foreground_432.png.import[39m[0m
[  74% ] [90m[1msavepack[22m | Storing File: res://.godot/imported/icon.svg-218a8f2b3041327d8a5756f3a245f83b.ctex[39m[0m
[  74% ] [90m[1msavepack[22m | Storing File: res://icon.svg.import[39m[0m
[  74% ] [90m[1msavepack[22m | Storing File: res://.godot/imported/icon_192.png-3529c9a11ab7a45709d304ee34cb3e69.ctex[39m[0m
[  74% ] [90m[1msavepack[22m | Storing File: res://icon_192.png.import[39m[0m
[  74% ] [90m[1msavepack[22m | Storing File: res://scripts/theme_colors.gdc[39m[0m
[  75% ] [90m[1msavepack[22m | Storing File: res://scripts/ui_factory.gdc[39m[0m
[  75% ] [90m[1msavepack[22m | Storing File: res://scripts/settings_manager.gdc[39m[0m
[  75% ] [90m[1msavepack[22m | Storing File: res://scripts/run_state.gdc[39m[0m
[  76% ] [90m[1msavepack[22m | Storing File: res://scripts/smoke_test.gdc[39m[0m
[  76% ] [90m[1msavepack[22m | Storing File: res://scripts/shop_inventory.gdc[39m[0m
[  76% ] [90m[1msavepack[22m | Storing File: res://scripts/relic_icon.gdc[39m[0m
[  77% ] [90m[1msavepack[22m | Storing File: res://scripts/save_manager.gdc[39m[0m
[  77% ] [90m[1msavepack[22m | Storing File: res://.godot/imported/battle_bg.png-34f2b79677a09a1eae2693a54321a5c8.ctex[39m[0m
[  77% ] [90m[1msavepack[22m | Storing File: res://assets/art/battle_bg.png.import[39m[0m
[  77% ] [90m[1msavepack[22m | Storing File: res://.godot/imported/battle_bg_act_1.png-889de7b6df6685244f6c45cd08b9baff.ctex[39m[0m
[  77% ] [90m[1msavepack[22m | Storing File: res://assets/art/battle_bg_act_1.png.import[39m[0m
[  78% ] [90m[1msavepack[22m | Storing File: res://.godot/imported/battle_bg_act_2.png-48821d93b0844408c6c481dd98a9399e.ctex[39m[0m
[  78% ] [90m[1msavepack[22m | Storing File: res://assets/art/battle_bg_act_2.png.import[39m[0m
[  78% ] [90m[1msavepack[22m | Storing File: res://.godot/imported/battle_bg_act_3.png-f4f959ecd0e2a52cea0c93c676cd9e1d.ctex[39m[0m
[  78% ] [90m[1msavepack[22m | Storing File: res://assets/art/battle_bg_act_3.png.import[39m[0m
[  79% ] [90m[1msavepack[22m | Storing File: res://.godot/imported/battle_bg_act_4.png-8f1bb208d1e4f8e7601595474e7e1809.ctex[39m[0m
[  79% ] [90m[1msavepack[22m | Storing File: res://assets/art/battle_bg_act_4.png.import[39m[0m
[  79% ] [90m[1msavepack[22m | Storing File: res://.godot/imported/battle_bg_act_5.png-a9f9c3a764c095b8e1990645249eae74.ctex[39m[0m
[  79% ] [90m[1msavepack[22m | Storing File: res://assets/art/battle_bg_act_5.png.import[39m[0m
[  79% ] [90m[1msavepack[22m | Storing File: res://.godot/imported/event_bg.png-fbabd2ffe620dc5bedee54dea8f11a30.ctex[39m[0m
[  79% ] [90m[1msavepack[22m | Storing File: res://assets/art/event_bg.png.import[39m[0m
[  80% ] [90m[1msavepack[22m | Storing File: res://.godot/imported/login_background.jpg-d4b2d14f49997418af787dc2a8226710.ctex[39m[0m
[  80% ] [90m[1msavepack[22m | Storing File: res://assets/art/login_background.jpg.import[39m[0m
[  80% ] [90m[1msavepack[22m | Storing File: res://.godot/imported/main_menu_bg.png-4952043b78f6b1646d3f846938891e28.ctex[39m[0m
[  80% ] [90m[1msavepack[22m | Storing File: res://assets/art/main_menu_bg.png.import[39m[0m
[  80% ] [90m[1msavepack[22m | Storing File: res://.godot/imported/map_bg.png-442282478a79d3e5407c0d4dc1ce2113.ctex[39m[0m
[  80% ] [90m[1msavepack[22m | Storing File: res://assets/art/map_bg.png.import[39m[0m
[  81% ] [90m[1msavepack[22m | Storing File: res://.godot/imported/map_bg_ink.png-3d6b97ad2e4fafa4c5247f2c5d98c436.ctex[39m[0m
[  81% ] [90m[1msavepack[22m | Storing File: res://assets/art/map_bg_ink.png.import[39m[0m
[  81% ] [90m[1msavepack[22m | Storing File: res://.godot/imported/card_frame_attack_original.png-76380d5ef6d8035bd6e7366f38d94e37.ctex[39m[0m
[  81% ] [90m[1msavepack[22m | Storing File: res://assets/ui/_card_frame_backup/card_frame_attack_original.png.import[39m[0m
[  81% ] [90m[1msavepack[22m | Storing File: res://.godot/imported/card_frame_power_original.png-c6e94406338347aa45bd3be61627d78b.ctex[39m[0m
[  81% ] [90m[1msavepack[22m | Storing File: res://assets/ui/_card_frame_backup/card_frame_power_original.png.import[39m[0m
[  82% ] [90m[1msavepack[22m | Storing File: res://.godot/imported/card_frame_skill_original.png-6a09ac9474d3cf06fbdc45b3c1237996.ctex[39m[0m
[  82% ] [90m[1msavepack[22m | Storing File: res://assets/ui/_card_frame_backup/card_frame_skill_original.png.import[39m[0m
[  82% ] [90m[1msavepack[22m | Storing File: res://.godot/imported/anu_poem.png-1cc59be0fd2de8f726c24264680036d6.ctex[39m[0m
[  82% ] [90m[1msavepack[22m | Storing File: res://assets/ui/poems/anu_poem.png.import[39m[0m
[  83% ] [90m[1msavepack[22m | Storing File: res://.godot/imported/lin_yueru_poem.png-db2d6637c928dd6b961602f997f335a7.ctex[39m[0m
[  83% ] [90m[1msavepack[22m | Storing File: res://assets/ui/poems/lin_yueru_poem.png.import[39m[0m
[  83% ] [90m[1msavepack[22m | Storing File: res://.godot/imported/li_xiaoyao_poem.png-96d411249b8c958b1e18f3daa512ca43.ctex[39m[0m
[  83% ] [90m[1msavepack[22m | Storing File: res://assets/ui/poems/li_xiaoyao_poem.png.import[39m[0m
[  83% ] [90m[1msavepack[22m | Storing File: res://.godot/imported/zhao_linger_poem.png-cece02ea03b0ce29be9f5c7d2d4b4b3b.ctex[39m[0m
[  83% ] [90m[1msavepack[22m | Storing File: res://assets/ui/poems/zhao_linger_poem.png.import[39m[0m
[  84% ] [90m[1msavepack[22m | Storing File: res://.godot/imported/card_frame_attack.png-0d2310bc663f60c7f1bf9b934f37e7bf.ctex[39m[0m
[  84% ] [90m[1msavepack[22m | Storing File: res://assets/ui/card_frame_attack.png.import[39m[0m
[  84% ] [90m[1msavepack[22m | Storing File: res://.godot/imported/card_frame_power.png-5e576d0d8eeb97f4abef6ce041b87718.ctex[39m[0m
[  84% ] [90m[1msavepack[22m | Storing File: res://assets/ui/card_frame_power.png.import[39m[0m
[  84% ] [90m[1msavepack[22m | Storing File: res://.godot/imported/card_frame_skill.png-b8782ff8601f910a7460c3ad24d05ce0.ctex[39m[0m
[  84% ] [90m[1msavepack[22m | Storing File: res://assets/ui/card_frame_skill.png.import[39m[0m
[  85% ] [90m[1msavepack[22m | Storing File: res://.godot/imported/map_node_completed_brush_ring.svg-11cadc30e7d405df335c53a2ca39f6bc.ctex[39m[0m
[  85% ] [90m[1msavepack[22m | Storing File: res://assets/ui/map_node_completed_brush_ring.svg.import[39m[0m
[  85% ] [90m[1msavepack[22m | Storing File: res://.godot/imported/node_battle.png-2bdf870288438d35c4da30a93f082a24.ctex[39m[0m
[  85% ] [90m[1msavepack[22m | Storing File: res://assets/ui/node_battle.png.import[39m[0m
[  85% ] [90m[1msavepack[22m | Storing File: res://.godot/imported/node_black_shop.png-37c78c10ebacb4a97726c4cc742071dc.ctex[39m[0m
[  85% ] [90m[1msavepack[22m | Storing File: res://assets/ui/node_black_shop.png.import[39m[0m
[  86% ] [90m[1msavepack[22m | Storing File: res://.godot/imported/node_boss.png-8a42cd81361544626948d0ebcb50808b.ctex[39m[0m
[  86% ] [90m[1msavepack[22m | Storing File: res://assets/ui/node_boss.png.import[39m[0m
[  86% ] [90m[1msavepack[22m | Storing File: res://.godot/imported/node_event.png-f5de6c9be4fb058e3959662eb5fe8f2a.ctex[39m[0m
[  86% ] [90m[1msavepack[22m | Storing File: res://assets/ui/node_event.png.import[39m[0m
[  87% ] [90m[1msavepack[22m | Storing File: res://.godot/imported/node_rest.png-6f77d5672ecb7c833f9dd06328780a4c.ctex[39m[0m
[  87% ] [90m[1msavepack[22m | Storing File: res://assets/ui/node_rest.png.import[39m[0m
[  87% ] [90m[1msavepack[22m | Storing File: res://.godot/imported/node_shop.png-575f773e638127e416fd654ec5a692f6.ctex[39m[0m
[  87% ] [90m[1msavepack[22m | Storing File: res://assets/ui/node_shop.png.import[39m[0m
Loading resource: res://scenes/main.tscn
Loading resource: res://scripts/main.gd
Loading resource: res://assets/ui/map_node_completed_brush_ring.svg
Loading resource: res://.godot/imported/map_node_completed_brush_ring.svg-11cadc30e7d405df335c53a2ca39f6bc.ctex
[  87% ] [90m[1msavepack[22m | Storing File: res://.godot/exported/133200997/export-3ad5c15c4f3250da0cc7c1af1770d85f-main.scn[39m[0m
[  88% ] [90m[1msavepack[22m | Storing File: res://scripts/data/card_data.gdc[39m[0m
[  88% ] [90m[1msavepack[22m | Storing File: res://scripts/data/character_data.gdc[39m[0m
[  88% ] [90m[1msavepack[22m | Storing File: res://scripts/data/enemy_data.gdc[39m[0m
[  89% ] [90m[1msavepack[22m | Storing File: res://scripts/data/relic_data.gdc[39m[0m
[  89% ] [90m[1msavepack[22m | Storing File: res://scripts/screens/bestiary_screen.gdc[39m[0m
[  89% ] [90m[1msavepack[22m | Storing File: res://scripts/screens/screen.gdc[39m[0m
[  90% ] [90m[1msavepack[22m | Storing File: res://scripts/ascension.gdc[39m[0m
[  90% ] [90m[1msavepack[22m | Storing File: res://scripts/balance_matrix.gdc[39m[0m
[  91% ] [90m[1msavepack[22m | Storing File: res://scripts/battle_controller.gdc[39m[0m
[  91% ] [90m[1msavepack[22m | Storing File: res://scripts/bestiary.gdc[39m[0m
[  91% ] [90m[1msavepack[22m | Storing File: res://scripts/block_badge.gdc[39m[0m
[  92% ] [90m[1msavepack[22m | Storing File: res://scripts/card_format.gdc[39m[0m
[  92% ] [90m[1msavepack[22m | Storing File: res://scripts/curse_catalog.gdc[39m[0m
[  92% ] [90m[1msavepack[22m | Storing File: res://scripts/damage_popup.gdc[39m[0m
[  93% ] [90m[1msavepack[22m | Storing File: res://scripts/debug_menu.gdc[39m[0m
[  93% ] [90m[1msavepack[22m | Storing File: res://scripts/deck_manager.gdc[39m[0m
[  93% ] [90m[1msavepack[22m | Storing File: res://scripts/effect_resolver.gdc[39m[0m
[  94% ] [90m[1msavepack[22m | Storing File: res://scripts/energy_orb.gdc[39m[0m
[  94% ] [90m[1msavepack[22m | Storing File: res://scripts/event_data.gdc[39m[0m
[  95% ] [90m[1msavepack[22m | Storing File: res://scripts/event_runner.gdc[39m[0m
[  95% ] [90m[1msavepack[22m | Storing File: res://scripts/game_data.gdc[39m[0m
[  95% ] [90m[1msavepack[22m | Storing File: res://scripts/hand_fan.gdc[39m[0m
[  96% ] [90m[1msavepack[22m | Storing File: res://scripts/level_system.gdc[39m[0m
[  96% ] [90m[1msavepack[22m | Storing File: res://scripts/main.gdc[39m[0m
[  96% ] [90m[1msavepack[22m | Storing File: res://scripts/map_generator.gdc[39m[0m
[  97% ] [90m[1msavepack[22m | Storing File: res://scripts/map_link_layer.gdc[39m[0m
[  97% ] [90m[1msavepack[22m | Storing File: res://scripts/map_node_icon.gdc[39m[0m
[  97% ] [90m[1msavepack[22m | Storing File: res://scripts/pause_menu.gdc[39m[0m
[  98% ] [90m[1msavepack[22m | Storing File: res://scripts/potion_catalog.gdc[39m[0m
[  98% ] [90m[1msavepack[22m | Storing File: res://scripts/relic_catalog.gdc[39m[0m
[  98% ] [90m[1msavepack[22m | Storing File: res://scripts/theme_colors.gd.remap[39m[0m
[  98% ] [90m[1msavepack[22m | Storing File: res://scripts/ui_factory.gd.remap[39m[0m
[  98% ] [90m[1msavepack[22m | Storing File: res://scripts/settings_manager.gd.remap[39m[0m
[  98% ] [90m[1msavepack[22m | Storing File: res://scripts/run_state.gd.remap[39m[0m
[  98% ] [90m[1msavepack[22m | Storing File: res://scripts/smoke_test.gd.remap[39m[0m
[  98% ] [90m[1msavepack[22m | Storing File: res://scripts/shop_inventory.gd.remap[39m[0m
[  98% ] [90m[1msavepack[22m | Storing File: res://scripts/relic_icon.gd.remap[39m[0m
[  98% ] [90m[1msavepack[22m | Storing File: res://scripts/save_manager.gd.remap[39m[0m
[  98% ] [90m[1msavepack[22m | Storing File: res://scenes/main.tscn.remap[39m[0m
[  98% ] [90m[1msavepack[22m | Storing File: res://scripts/data/card_data.gd.remap[39m[0m
[  98% ] [90m[1msavepack[22m | Storing File: res://scripts/data/character_data.gd.remap[39m[0m
[  98% ] [90m[1msavepack[22m | Storing File: res://scripts/data/enemy_data.gd.remap[39m[0m
[  98% ] [90m[1msavepack[22m | Storing File: res://scripts/data/relic_data.gd.remap[39m[0m
[  98% ] [90m[1msavepack[22m | Storing File: res://scripts/screens/bestiary_screen.gd.remap[39m[0m
[  98% ] [90m[1msavepack[22m | Storing File: res://scripts/screens/screen.gd.remap[39m[0m
[  98% ] [90m[1msavepack[22m | Storing File: res://scripts/ascension.gd.remap[39m[0m
[  98% ] [90m[1msavepack[22m | Storing File: res://scripts/balance_matrix.gd.remap[39m[0m
[  98% ] [90m[1msavepack[22m | Storing File: res://scripts/battle_controller.gd.remap[39m[0m
[  98% ] [90m[1msavepack[22m | Storing File: res://scripts/bestiary.gd.remap[39m[0m
[  98% ] [90m[1msavepack[22m | Storing File: res://scripts/block_badge.gd.remap[39m[0m
[  98% ] [90m[1msavepack[22m | Storing File: res://scripts/card_format.gd.remap[39m[0m
[  98% ] [90m[1msavepack[22m | Storing File: res://scripts/curse_catalog.gd.remap[39m[0m
[  98% ] [90m[1msavepack[22m | Storing File: res://scripts/damage_popup.gd.remap[39m[0m
[  98% ] [90m[1msavepack[22m | Storing File: res://scripts/debug_menu.gd.remap[39m[0m
[  98% ] [90m[1msavepack[22m | Storing File: res://scripts/deck_manager.gd.remap[39m[0m
[  98% ] [90m[1msavepack[22m | Storing File: res://scripts/effect_resolver.gd.remap[39m[0m
[  98% ] [90m[1msavepack[22m | Storing File: res://scripts/energy_orb.gd.remap[39m[0m
[  98% ] [90m[1msavepack[22m | Storing File: res://scripts/event_data.gd.remap[39m[0m
[  98% ] [90m[1msavepack[22m | Storing File: res://scripts/event_runner.gd.remap[39m[0m
[  98% ] [90m[1msavepack[22m | Storing File: res://scripts/game_data.gd.remap[39m[0m
[  98% ] [90m[1msavepack[22m | Storing File: res://scripts/hand_fan.gd.remap[39m[0m
[  98% ] [90m[1msavepack[22m | Storing File: res://scripts/level_system.gd.remap[39m[0m
[  98% ] [90m[1msavepack[22m | Storing File: res://scripts/main.gd.remap[39m[0m
[  98% ] [90m[1msavepack[22m | Storing File: res://scripts/map_generator.gd.remap[39m[0m
[  98% ] [90m[1msavepack[22m | Storing File: res://scripts/map_link_layer.gd.remap[39m[0m
[  98% ] [90m[1msavepack[22m | Storing File: res://scripts/map_node_icon.gd.remap[39m[0m
[  98% ] [90m[1msavepack[22m | Storing File: res://scripts/pause_menu.gd.remap[39m[0m
[  98% ] [90m[1msavepack[22m | Storing File: res://scripts/potion_catalog.gd.remap[39m[0m
[  98% ] [90m[1msavepack[22m | Storing File: res://scripts/relic_catalog.gd.remap[39m[0m
[  98% ] [90m[1msavepack[22m | Storing File: res://.godot/global_script_class_cache.cfg[39m[0m
[  98% ] [90m[1msavepack[22m | Storing File: res://icon.svg[39m[0m
[  98% ] [90m[1msavepack[22m | Storing File: res://.godot/uid_cache.bin[39m[0m
[  98% ] [90m[1msavepack[22m | Storing File: res://project.binary[39m[0m
[92m[ DONE ][39m [1msavepack[22m
[0m
Loading resource: res://icon.svg
Loading resource: res://.godot/imported/icon.svg-218a8f2b3041327d8a5756f3a245f83b.ctex
Script docs haven't been properly loaded or regenerated, so don't save them to disk.
cannot connect to daemon at tcp:5037: Connection refused
EditorSettings: Save OK!
XR: Clearing primary interface
XR: Removed interface "Native mobile"
XR: Removed interface "OpenXR"
Orphan StringName: Node (static: 3, total: 4)
StringName: 1 unclaimed string names at exit.
